2025-08-25 18:25:00 | INFO | repo=pv243-a4m36jee-2016-security-seminar | action=commit
2025-01-12 14:01:00 | WARN | repo=pv243-a4m36jee-2016-security-seminar | action=commit
2025-03-21 13:08:00 | WARN | repo=pv243-a4m36jee-2016-security-seminar | action=commit
2025-01-13 08:51:00 | INFO | repo=pv243-a4m36jee-2016-security-seminar | action=commit
2025-12-26 07:03:00 | INFO | repo=pv243-a4m36jee-2016-security-seminar | action=commit
2025-08-09 20:51:00 | DEBUG | repo=pv243-a4m36jee-2016-security-seminar | action=commit
2025-03-02 07:37:00 | WARN | repo=pv243-a4m36jee-2016-security-seminar | action=commit
2025-02-12 16:32:00 | INFO | repo=pv243-a4m36jee-2016-security-seminar | action=commit
2025-05-26 14:44:00 | INFO | repo=pv243-a4m36jee-2016-security-seminar | action=commit
2025-08-24 13:33:00 | INFO | repo=pv243-a4m36jee-2016-security-seminar | action=commit
2025-03-01 13:08:00 | WARN | repo=pv243-a4m36jee-2016-security-seminar | action=commit
2025-09-26 21:07:00 | WARN | repo=pv243-a4m36jee-2016-security-seminar | action=commit
2025-05-13 19:07:00 | WARN | repo=pv243-a4m36jee-2016-security-seminar | action=pull
2025-05-05 08:05:00 | DEBUG | repo=pv243-a4m36jee-2016-security-seminar | action=commit
2025-01-10 21:46:00 | WARN | repo=pv243-a4m36jee-2016-security-seminar | action=commit
2025-02-20 07:02:00 | DEBUG | repo=pv243-a4m36jee-2016-security-seminar | action=commit
2025-10-12 08:46:00 | DEBUG | repo=pv243-a4m36jee-2016-security-seminar | action=commit
2025-03-08 13:45:00 | INFO | repo=pv243-a4m36jee-2016-security-seminar | action=commit
2025-04-10 14:40:00 | WARN | repo=pv243-a4m36jee-2016-security-seminar | action=commit
2025-10-06 10:07:00 | WARN | repo=pv243-a4m36jee-2016-security-seminar | action=commit
2025-10-24 13:26:00 | INFO | repo=pv243-a4m36jee-2016-security-seminar | action=commit
2025-11-15 13:33:00 | WARN | repo=pv243-a4m36jee-2016-security-seminar | action=commit
2025-04-07 10:33:00 | WARN | repo=pv243-a4m36jee-2016-security-seminar | action=commit
2025-12-14 17:00:00 | INFO | repo=pv243-a4m36jee-2016-security-seminar | action=commit
2025-06-16 08:09:00 | INFO | repo=pv243-a4m36jee-2016-security-seminar | action=edit | files=3
2025-12-06 07:13:00 | WARN | repo=pv243-a4m36jee-2016-security-seminar | action=edit | files=3
2025-01-13 09:56:00 | DEBUG | repo=pv243-a4m36jee-2016-security-seminar | action=commit
2025-09-10 20:05:00 | INFO | repo=pv243-a4m36jee-2016-security-seminar | action=commit
2025-12-05 18:44:00 | WARN | repo=pv243-a4m36jee-2016-security-seminar | action=test | passed=true
2025-12-11 12:02:00 | DEBUG | repo=pv243-a4m36jee-2016-security-seminar | action=commit
2025-06-27 08:12:00 | DEBUG | repo=pv243-a4m36jee-2016-security-seminar | action=commit
2025-08-28 19:15:00 | DEBUG | repo=pv243-a4m36jee-2016-security-seminar | action=commit
2025-06-09 17:13:00 | DEBUG | repo=pv243-a4m36jee-2016-security-seminar | action=test | passed=true
2025-06-05 21:09:00 | DEBUG | repo=pv243-a4m36jee-2016-security-seminar | action=commit
2025-11-02 16:56:00 | DEBUG | repo=pv243-a4m36jee-2016-security-seminar | action=commit
2025-09-25 18:54:00 | DEBUG | repo=pv243-a4m36jee-2016-security-seminar | action=test | passed=true
2025-04-09 12:18:00 | WARN | repo=pv243-a4m36jee-2016-security-seminar | action=commit
2025-09-09 20:25:00 | DEBUG | repo=pv243-a4m36jee-2016-security-seminar | action=commit
2025-01-26 14:12:00 | INFO | repo=pv243-a4m36jee-2016-security-seminar | action=commit
2025-04-10 09:42:00 | INFO | repo=pv243-a4m36jee-2016-security-seminar | action=commit
2025-08-03 16:21:00 | DEBUG | repo=pv243-a4m36jee-2016-security-seminar | action=commit
2025-08-14 07:53:00 | INFO | repo=pv243-a4m36jee-2016-security-seminar | action=commit
